<?xml version="1.0" encoding="utf-8"?><testsuites name="pytest tests"><testsuite name="pytest" errors="0" failures="0" skipped="0" tests="6" time="2.779" timestamp="2026-08-13T14:31:33.738698+00:00" hostname="agent-env-e9688487-a7ee-4392-8b22-f6da31f0922a"><testcase classname="backend_test" name="test_auth_login_me_logout[pembina@sixnema.smpmusix.sch.id-pembina123-pembina]" time="0.654" /><testcase classname="backend_test" name="test_auth_login_me_logout[siswa@sixnema.smpmusix.sch.id-siswa123-siswa]" time="0.569" /><testcase classname="backend_test" name="test_auth_login_me_logout[waka@sixnema.smpmusix.sch.id-waka123-waka]" time="0.642" /><testcase classname="backend_test" name="test_invalid_login" time="0.131" /><testcase classname="backend_test" name="test_health" time="0.111" /><testcase classname="backend_test" name="test_role_access_and_core_reads" time="0.618" /></testsuite></testsuites>