<?xml version="1.0" encoding="utf-8"?><testsuites name="pytest tests"><testsuite name="pytest" errors="0" failures="0" skipped="0" tests="25" time="3.551" timestamp="2026-08-13T14:55:07.723620+00:00" hostname="agent-env-e9688487-a7ee-4392-8b22-f6da31f0922a"><testcase classname="tests.test_sixnema.TestAuth" name="test_health" time="0.261" /><testcase classname="tests.test_sixnema.TestStudents" name="test_list_15_students" time="0.831" /><testcase classname="tests.test_sixnema.TestStudents" name="test_create_and_delete_student_pembina" time="0.674" /><testcase classname="tests.test_sixnema.TestAuth" name="test_login_all_roles" time="1.252" /><testcase classname="tests.test_sixnema.TestAuth" name="test_login_invalid" time="0.329" /><testcase classname="tests.test_sixnema.TestAuth" name="test_me_via_cookie" time="0.058" /><testcase classname="tests.test_sixnema.TestAuth" name="test_me_unauth" time="0.270" /><testcase classname="tests.test_sixnema.TestStudents" name="test_create_student_forbidden_siswa_waka" time="0.801" /><testcase classname="tests.test_sixnema.TestJournalAttendance" name="test_pembina_creates_attendance_and_lists" time="0.249" /><testcase classname="tests.test_sixnema.TestStudents" name="test_delete_student_forbidden_siswa" time="0.062" /><testcase classname="tests.test_sixnema.TestGradesHistory" name="test_history_seeded_non_empty" time="0.113" /><testcase classname="tests.test_sixnema.TestJournalAttendance" name="test_siswa_cannot_view_attendance" time="0.060" /><testcase classname="tests.test_sixnema.TestGradesHistory" name="test_patch_grade_creates_snapshot" time="0.196" /><testcase classname="tests.test_sixnema.TestJournalAttendance" name="test_pembina_creates_journal_with_attendance_summary" time="0.067" /><testcase classname="tests.test_sixnema.TestJournalAttendance" name="test_siswa_cannot_create_journal" time="0.060" /><testcase classname="tests.test_sixnema.TestExports" name="test_export_csv_pembina[ranking.csv]" time="0.067" /><testcase classname="tests.test_sixnema.TestGradesHistory" name="test_siswa_own_history_ok" time="0.070" /><testcase classname="tests.test_sixnema.TestExports" name="test_export_csv_pembina[attendance.csv]" time="0.069" /><testcase classname="tests.test_sixnema.TestExports" name="test_export_csv_pembina[journals.csv]" time="0.065" /><testcase classname="tests.test_sixnema.TestGradesHistory" name="test_siswa_other_history_403" time="0.068" /><testcase classname="tests.test_sixnema.TestExports" name="test_export_forbidden_siswa" time="0.062" /><testcase classname="tests.test_sixnema.TestArtworks" name="test_siswa_creates_and_lists_own" time="0.148" /><testcase classname="tests.test_sixnema.TestFeedback" name="test_waka_creates_feedback" time="0.073" /><testcase classname="tests.test_sixnema.TestFeedback" name="test_siswa_cannot_feedback" time="0.072" /><testcase classname="tests.test_sixnema.TestArtworks" name="test_pembina_sees_all_artworks" time="0.069" /></testsuite></testsuites>